#-----------------------------------------------------------
# Vivado v2019.1 (64-bit)
# SW Build 2552052 on Fri May 24 14:49:42 MDT 2019
# IP Build 2548770 on Fri May 24 18:01:18 MDT 2019
# Start of session at: Sun Jun  4 22:16:48 2023
# Process ID: 19912
# Current directory: C:/Users/86183/Desktop/f_adder/ztj
# Command line: vivado.exe -gui_launcher_event rodinguilauncherevent15404 C:\Users\86183\Desktop\f_adder\ztj\ztj.xpr
# Log file: C:/Users/86183/Desktop/f_adder/ztj/vivado.log
# Journal file: C:/Users/86183/Desktop/f_adder/ztj\vivado.jou
#-----------------------------------------------------------
start_gui
open_project C:/Users/86183/Desktop/f_adder/ztj/ztj.xpr
Scanning sources...
Finished scanning sources
INFO: [IP_Flow 19-234] Refreshing IP repositories
INFO: [IP_Flow 19-1704] No user IP repositories specified
INFO: [IP_Flow 19-2313] Loaded Vivado IP repository 'E:/Xilinx/Vivado/2019.1/data/ip'.
open_project: Time (s): cpu = 00:00:16 ; elapsed = 00:00:07 . Memory (MB): peak = 882.953 ; gain = 189.973
update_compile_order -fileset sources_1
