#-----------------------------------------------------------
# Vivado v2019.1 (64-bit)
# SW Build 2552052 on Fri May 24 14:49:42 MDT 2019
# IP Build 2548770 on Fri May 24 18:01:18 MDT 2019
# Start of session at: Wed Mar 22 09:16:09 2023
# Process ID: 9872
# Current directory: C:/Users/86183/Desktop/f_adder/boardpart
# Command line: vivado.exe -gui_launcher_event rodinguilauncherevent3580 C:\Users\86183\Desktop\f_adder\boardpart\boardpart.xpr
# Log file: C:/Users/86183/Desktop/f_adder/boardpart/vivado.log
# Journal file: C:/Users/86183/Desktop/f_adder/boardpart\vivado.jou
#-----------------------------------------------------------
start_gui
open_project C:/Users/86183/Desktop/f_adder/boardpart/boardpart.xpr
Scanning sources...
Finished scanning sources
INFO: [IP_Flow 19-234] Refreshing IP repositories
INFO: [IP_Flow 19-1704] No user IP repositories specified
INFO: [IP_Flow 19-2313] Loaded Vivado IP repository 'E:/Xilinx/Vivado/2019.1/data/ip'.
open_project: Time (s): cpu = 00:00:37 ; elapsed = 00:00:16 . Memory (MB): peak = 904.996 ; gain = 206.137
update_compile_order -fileset sources_1
exit
INFO: [Common 17-206] Exiting Vivado at Wed Mar 22 10:59:58 2023...
.
