#-----------------------------------------------------------
# Vivado v2019.1 (64-bit)
# SW Build 2552052 on Fri May 24 14:49:42 MDT 2019
# IP Build 2548770 on Fri May 24 18:01:18 MDT 2019
# Start of session at: Mon Jun 12 15:22:30 2023
# Process ID: 14592
# Current directory: C:/Users/user/Desktop/Image-Processing-master/Image-Processing-master/Final Project/VGA_1
# Command line: vivado.exe -gui_launcher_event rodinguilauncherevent23468 C:\Users\user\Desktop\Image-Processing-master\Image-Processing-master\Final Project\VGA_1\VGA_1.xpr
# Log file: C:/Users/user/Desktop/Image-Processing-master/Image-Processing-master/Final Project/VGA_1/vivado.log
# Journal file: C:/Users/user/Desktop/Image-Processing-master/Image-Processing-master/Final Project/VGA_1\vivado.jou
#-----------------------------------------------------------
start_gui
open_project {C:/Users/user/Desktop/Image-Processing-master/Image-Processing-master/Final Project/VGA_1/VGA_1.xpr}
INFO: [ProjectBase 1-489] The host OS only allows 260 characters in a normal path. The project is stored in a path with more than 80 characters. If you experience issues with IP, Block Designs, or files not being found, please consider moving the project to a location with a shorter path. Alternately consider using the OS subst command to map part of the path to a drive letter.
Current project path is 'C:/Users/user/Desktop/Image-Processing-master/Image-Processing-master/Final Project/VGA_1'
INFO: [Project 1-313] Project file moved from 'C:/Users/Gowtham/Desktop/Final Project/VGA_1' since last save.
Scanning sources...
Finished scanning sources
CRITICAL WARNING: [Board 49-67] The board_part definition was not found for digilentinc.com:basys3:part0:1.1. This can happen sometimes when you use custom board part. You can resolve this issue by setting 'board.repoPaths' parameter, pointing to the location of custom board files. Valid board_part values can be retrieved with the 'get_board_parts' Tcl command.
INFO: [IP_Flow 19-234] Refreshing IP repositories
INFO: [IP_Flow 19-1704] No user IP repositories specified
INFO: [IP_Flow 19-2313] Loaded Vivado IP repository 'D:/Xilinx/Vivado/2019.1/data/ip'.
WARNING: [IP_Flow 19-2162] IP 'image' is locked:
* IP definition 'Block Memory Generator (8.4)' for IP 'image' (customized with software release 2018.2) has a different revision in the IP Catalog.
INFO: [Project 1-230] Project 'VGA_1.xpr' upgraded for this version of Vivado.
update_compile_order -fileset sources_1
exit
INFO: [Common 17-206] Exiting Vivado at Mon Jun 12 15:23:05 2023...
